<?xml version="1.0" encoding="UTF-8"?>
<testsuite xmlns:xsi="http://www.w3.org/2001/XMLSchema-instance" xsi:noNamespaceSchemaLocation="https://maven.apache.org/surefire/maven-surefire-plugin/xsd/surefire-test-report-3.0.xsd" version="3.0" name="com.example.auth.AuthServiceTest" time="4.564" tests="1" errors="0" skipped="0" failures="0">
  <properties>
[...]
</properties>
  <testcase name="registersAndAuthenticatesFarmerAccount" classname="com.example.auth.AuthServiceTest" time="0.692">
    <system-out><![CDATA[06:06:57.796 [main] INFO org.springframework.test.context.support.AnnotationConfigContextLoaderUtils -- Could not detect default configuration classes for test class [com.example.auth.AuthServiceTest]: AuthServiceTest does not declare any static, non-private, non-final, nested classes annotated with @Configuration.
06:06:57.947 [main] INFO org.springframework.boot.test.context.SpringBootTestContextBootstrapper -- Found @SpringBootConfiguration com.example.CropDiseaseApiApplication for test class com.example.auth.AuthServiceTest

  .   ____          _            __ _ _
 /\\ / ___'_ __ _ _(_)_ __  __ _ \ \ \ \
( ( )\___ | '_ | '_| | '_ \/ _` | \ \ \ \
 \\/  ___)| |_)| | | | | || (_| |  ) ) ) )
  '  |____| .__|_| |_|_| |_\__, | / / / /
 =========|_|==============|___/=/_/_/_/

 :: Spring Boot ::               (v3.5.16)

2026-09-17T06:06:58.382+05:30  INFO 21428 --- [crop-disease-api] [           main] com.example.auth.AuthServiceTest         : Starting AuthServiceTest using Java 25.0.2 with PID 21428 (started by sd967 in C:\Users\sd967\Downloads\Agriculture-FoodTech-1\frontend\desktop-tutorial)
2026-09-17T06:06:58.384+05:30  INFO 21428 --- [crop-disease-api] [           main] com.example.auth.AuthServiceTest         : No active profile set, falling back to 1 default profile: "default"
2026-09-17T06:06:58.837+05:30  INFO 21428 --- [crop-disease-api] [           main] .s.d.r.c.RepositoryConfigurationDelegate : Bootstrapping Spring Data JPA repositories in DEFAULT mode.
2026-09-17T06:06:58.933+05:30  INFO 21428 --- [crop-disease-api] [           main] .s.d.r.c.RepositoryConfigurationDelegate : Finished Spring Data repository scanning in 83 ms. Found 15 JPA repository interfaces.
2026-09-17T06:06:59.007+05:30  INFO 21428 --- [crop-disease-api] [           main] beddedDataSourceBeanFactoryPostProcessor : Replacing 'dataSource' DataSource bean with embedded version
2026-09-17T06:06:59.145+05:30  INFO 21428 --- [crop-disease-api] [           main] o.s.j.d.e.EmbeddedDatabaseFactory        : Starting embedded database: url='jdbc:h2:mem:59636ea6-fdb1-4329-aaf7-c428486b505e;DB_CLOSE_DELAY=-1;DB_CLOSE_ON_EXIT=false', username='sa'
2026-09-17T06:06:59.424+05:30  INFO 21428 --- [crop-disease-api] [           main] o.hibernate.jpa.internal.util.LogHelper  : HHH000204: Processing PersistenceUnitInfo [name: default]
2026-09-17T06:06:59.475+05:30  INFO 21428 --- [crop-disease-api] [           main] org.hibernate.Version                    : HHH000412: Hibernate ORM core version 6.6.53.Final
2026-09-17T06:06:59.511+05:30  INFO 21428 --- [crop-disease-api] [           main] o.h.c.internal.RegionFactoryInitiator    : HHH000026: Second-level cache disabled
2026-09-17T06:06:59.813+05:30  INFO 21428 --- [crop-disease-api] [           main] o.s.o.j.p.SpringPersistenceUnitInfo      : No LoadTimeWeaver setup: ignoring JPA class transformer
2026-09-17T06:06:59.918+05:30  INFO 21428 --- [crop-disease-api] [           main] org.hibernate.orm.connections.pooling    : HHH10001005: Database info:
	Database JDBC URL [Connecting through datasource 'org.springframework.jdbc.datasource.embedded.EmbeddedDatabaseFactory$EmbeddedDataSourceProxy@566c1e71']
	Database driver: undefined/unknown
	Database version: 2.3.232
	Autocommit mode: undefined/unknown
	Isolation level: undefined/unknown
	Minimum pool size: undefined/unknown
	Maximum pool size: undefined/unknown
2026-09-17T06:07:00.891+05:30  INFO 21428 --- [crop-disease-api] [           main] o.h.e.t.j.p.i.JtaPlatformInitiator       : HHH000489: No JTA platform available (set 'hibernate.transaction.jta.platform' to enable JTA platform integration)
Hibernate: create table alert_message (id bigint generated by default as identity, created_at timestamp(6) with time zone not null, farmer_username varchar(255) not null, level varchar(255) not null, message varchar(1000) not null, title varchar(255) not null, primary key (id))
Hibernate: create table app_user (id bigint generated by default as identity, created_at timestamp(6) with time zone not null, password_hash varchar(255) not null, role varchar(255) not null, session_expires_at timestamp(6) with time zone, session_token varchar(255), username varchar(255) not null, primary key (id))
Hibernate: create table diagnosis_feedback (id bigint generated by default as identity, created_at timestamp(6) with time zone not null, diagnosis varchar(255) not null, farmer_username varchar(255) not null, label varchar(255) not null, model_version varchar(255) not null, primary key (id))
Hibernate: create table expert_escalation (id bigint generated by default as identity, assigned_expert varchar(255) not null, created_at timestamp(6) with time zone not null, farmer_username varchar(255) not null, notes varchar(2000), status varchar(255) not null, primary key (id))
Hibernate: create table farm (id bigint generated by default as identity, district varchar(255) not null, farmer_username varchar(255) not null, name varchar(255) not null, primary key (id))
Hibernate: create table field (id bigint generated by default as identity, crop varchar(255) not null, name varchar(255) not null, season varchar(255) not null, farm_id bigint, primary key (id))
Hibernate: create table follow_up_task (id bigint generated by default as identity, created_at timestamp(6) with time zone not null, diagnosis_id bigint not null, due_date date not null, farm_id bigint not null, status varchar(255) not null, task_title varchar(500), primary key (id))
Hibernate: create table governance_consent (id bigint generated by default as identity, consent_type varchar(255) not null, created_at timestamp(6) with time zone not null, farmer_username varchar(255) not null, granted boolean not null, primary key (id))
Hibernate: create table hotspot (id bigint generated by default as identity, case_count integer not null, created_at timestamp(6) with time zone not null, district varchar(255) not null, risk_level varchar(255) not null, village varchar(255) not null, primary key (id))
Hibernate: create table monitoring_plan (id bigint generated by default as identity, created_at timestamp(6) with time zone not null, crop varchar(255) not null, farmer_username varchar(255) not null, interval_days integer not null, primary key (id))
Hibernate: create table pest_observation (id bigint generated by default as identity, count integer not null, farm_id bigint not null, pest_type varchar(255) not null, source varchar(255) not null, timestamp timestamp(6) with time zone not null, primary key (id))
Hibernate: create table prediction_log (id bigint generated by default as identity, confidence float(53), created_at timestamp(6), crop_stage varchar(255), crop_type varchar(255), diagnosis_type varchar(255), district varchar(255), farmer_observation varchar(1000), is_escalated boolean, language varchar(255), latitude float(53), longitude float(53), top_disease varchar(255), primary key (id))
Hibernate: create table referral (id bigint generated by default as identity, created_at timestamp(6) with time zone not null, crop varchar(255) not null, farmer_username varchar(255) not null, result varchar(2000), sample_id varchar(255) not null, status varchar(255) not null, primary key (id))
Hibernate: create table sensor_reading (id bigint generated by default as identity, created_at timestamp(6) with time zone not null, farmer_username varchar(255) not null, sensor_type varchar(255) not null, sensor_value float(53) not null, primary key (id))
Hibernate: create table trap_reading (id bigint generated by default as identity, count integer not null, created_at timestamp(6) with time zone not null, farmer_username varchar(255) not null, trap_type varchar(255) not null, primary key (id))
Hibernate: alter table if exists app_user drop constraint if exists UK3k4cplvh82srueuttfkwnylq0
Hibernate: alter table if exists app_user add constraint UK3k4cplvh82srueuttfkwnylq0 unique (username)
Hibernate: alter table if exists field add constraint FKiamf9l68wupiaj7ohqto9ov5g foreign key (farm_id) references farm
2026-09-17T06:07:00.971+05:30  INFO 21428 --- [crop-disease-api] [           main] j.LocalContainerEntityManagerFactoryBean : Initialized JPA EntityManagerFactory for persistence unit 'default'
2026-09-17T06:07:01.489+05:30  INFO 21428 --- [crop-disease-api] [           main] com.example.auth.AuthServiceTest         : Started AuthServiceTest in 3.474 seconds (process running for 4.844)
Hibernate: select au1_0.id,au1_0.created_at,au1_0.password_hash,au1_0.role,au1_0.session_expires_at,au1_0.session_token,au1_0.username from app_user au1_0 where au1_0.username=?
Hibernate: insert into app_user (created_at,password_hash,role,session_expires_at,session_token,username,id) values (?,?,?,?,?,?,default)
Hibernate: select au1_0.id,au1_0.created_at,au1_0.password_hash,au1_0.role,au1_0.session_expires_at,au1_0.session_token,au1_0.username from app_user au1_0 where au1_0.username=?
Hibernate: select au1_0.id,au1_0.created_at,au1_0.password_hash,au1_0.role,au1_0.session_expires_at,au1_0.session_token,au1_0.username from app_user au1_0 where au1_0.username=?
Hibernate: select au1_0.id,au1_0.created_at,au1_0.password_hash,au1_0.role,au1_0.session_expires_at,au1_0.session_token,au1_0.username from app_user au1_0 where au1_0.username=?
]]></system-out>
    <system-err><![CDATA[Mockito is currently self-attaching to enable the inline-mock-maker. This will no longer work in future releases of the JDK. Please add Mockito as an agent to your build as described in Mockito's documentation: https://javadoc.io/doc/org.mockito/mockito-core/latest/org.mockito/org/mockito/Mockito.html#0.3
WARNING: A Java agent has been loaded dynamically (C:\Users\sd967\.m2\repository\net\bytebuddy\byte-buddy-agent\1.17.8\byte-buddy-agent-1.17.8.jar)
WARNING: If a serviceability tool is in use, please run with -XX:+EnableDynamicAgentLoading to hide this warning
WARNING: If a serviceability tool is not in use, please run with -Djdk.instrument.traceUsage for more information
WARNING: Dynamic loading of agents will be disallowed by default in a future release
]]></system-err>
  </testcase>
</testsuite>